nohup: ignoring input
warning: unused imports: `Deserialize` and `Serialize`
 --> core-engine/src/vendor_client/dell_client.rs:2:13
  |
2 | use serde::{Deserialize, Serialize};
  |             ^^^^^^^^^^^  ^^^^^^^^^
  |
  = note: `#[warn(unused_imports)]` on by default

warning: unused import: `crate::models::UniversalServer`
 --> core-engine/src/vendor_client/dell_client.rs:8:5
  |
8 | use crate::models::UniversalServer;
  |     ^^^^^^^^^^^^^^^^^^^^^^^^^^^^^^

warning: unused import: `std::collections::HashMap`
 --> core-engine/src/vendor_data/dell_catalog.rs:5:5
  |
5 | use std::collections::HashMap;
  |     ^^^^^^^^^^^^^^^^^^^^^^^^^

warning: unused import: `CustomerType`
  --> core-engine/src/vendor_data/dell_catalog.rs:15:60
   |
15 |     ComponentSelection, PerformanceEstimate, WorkloadType, CustomerType,
   |                                                            ^^^^^^^^^^^^

warning: unused imports: `Deserialize` and `Serialize`
 --> core-engine/src/vendor_data/hpe_catalog.rs:3:13
  |
3 | use serde::{Deserialize, Serialize};
  |             ^^^^^^^^^^^  ^^^^^^^^^

warning: unused imports: `Deserialize` and `Serialize`
 --> core-engine/src/vendor_data/lenovo_catalog.rs:3:13
  |
3 | use serde::{Deserialize, Serialize};
  |             ^^^^^^^^^^^  ^^^^^^^^^

warning: unused variable: `vendor`
   --> core-engine/src/vendor_data/mod.rs:472:42
    |
472 |     pub async fn configure_vendor(&self, vendor: &str, credentials: VendorCredentials) -> Result<()> {
    |                                          ^^^^^^ help: if this is intentional, prefix it with an underscore: `_vendor`
    |
    = note: `#[warn(unused_variables)]` on by default

warning: unused variable: `credentials`
   --> core-engine/src/vendor_data/mod.rs:472:56
    |
472 |     pub async fn configure_vendor(&self, vendor: &str, credentials: VendorCredentials) -> Result<()> {
    |                                                        ^^^^^^^^^^^ help: if this is intentional, prefix it with an underscore: `_credentials`

warning: variable does not need to be mutable
   --> core-engine/src/vendor_client/traits.rs:105:13
    |
105 |         let mut parsers: Vec<Box<dyn ConfigurationFileParser>> = Vec::new();
    |             ----^^^^^^^
    |             |
    |             help: remove this `mut`
    |
    = note: `#[warn(unused_mut)]` on by default

warning: unused variable: `file_path`
  --> core-engine/src/vendor_client/dell_client.rs:52:41
   |
52 |     async fn parse_configuration(&self, file_path: &Path) -> Result<ParsedConfiguration, CoreEngineError> {
   |                                         ^^^^^^^^^ help: if this is intentional, prefix it with an underscore: `_file_path`

warning: field `client` is never read
  --> core-engine/src/vendor_client/dell_client.rs:13:5
   |
12 | pub struct DellApiClient {
   |            ------------- field in this struct
13 |     client: Client,
   |     ^^^^^^
   |
   = note: `DellApiClient` has derived impls for the traits `Clone` and `Debug`, but these are intentionally ignored during dead code analysis
   = note: `#[warn(dead_code)]` on by default

warning: fields `client` and `base_url` are never read
  --> core-engine/src/vendor_data/dell_catalog.rs:21:5
   |
20 | pub struct DellCatalogClient {
   |            ----------------- fields in this struct
21 |     client: Client,
   |     ^^^^^^
...
24 |     base_url: String,
   |     ^^^^^^^^

warning: associated items `build_headers`, `map_form_factor`, and `parse_poweredge_model` are never used
   --> core-engine/src/vendor_data/dell_catalog.rs:71:8
    |
58  | impl DellCatalogClient {
    | ---------------------- associated items in this implementation
...
71  |     fn build_headers(&self) -> Result<HeaderMap> {
    |        ^^^^^^^^^^^^^
...
89  |     fn map_form_factor(dell_form_factor: &str) -> FormFactor {
    |        ^^^^^^^^^^^^^^^
...
102 |     fn parse_poweredge_model(model_name: &str) -> Option<(String, String)> {
    |        ^^^^^^^^^^^^^^^^^^^^^

warning: field `client` is never read
  --> core-engine/src/vendor_data/hpe_catalog.rs:16:5
   |
15 | pub struct HPECatalogClient {
   |            ---------------- field in this struct
16 |     client: Client,
   |     ^^^^^^

warning: field `client` is never read
  --> core-engine/src/vendor_data/lenovo_catalog.rs:16:5
   |
15 | pub struct LenovoCatalogClient {
   |            ------------------- field in this struct
16 |     client: Client,
   |     ^^^^^^

warning: field `ip_address` is never read
  --> core-engine/src/network_visualizer/parser.rs:37:5
   |
27 | struct VNetworkRow {
   |        ----------- field in this struct
...
37 |     ip_address: String,
   |     ^^^^^^^^^^
   |
   = note: `VNetworkRow` has a derived impl for the trait `Debug`, but this is intentionally ignored during dead code analysis

warning: field `ip_addresses` is never read
  --> core-engine/src/network_visualizer/hyperv_parser.rs:37:5
   |
34 | struct HyperVVnic {
   |        ---------- field in this struct
...
37 |     ip_addresses: Vec<String>,
   |     ^^^^^^^^^^^^
   |
   = note: `HyperVVnic` has a derived impl for the trait `Debug`, but this is intentionally ignored during dead code analysis

warning: `core-engine` (lib) generated 17 warnings (run `cargo fix --lib -p core-engine` to apply 7 suggestions)
warning: unused imports: `delete` and `put`
 --> backend/src/api.rs:5:26
  |
5 |     routing::{get, post, put, delete},
  |                          ^^^  ^^^^^^
  |
  = note: `#[warn(unused_imports)]` on by default

warning: variable does not need to be mutable
   --> backend/src/api.rs:147:9
    |
147 |     let mut project: Option<Project> = db.select(("project", &id))
    |         ----^^^^^^^
    |         |
    |         help: remove this `mut`
    |
    = note: `#[warn(unused_mut)]` on by default

warning: unused variable: `project_id`
   --> backend/src/api.rs:246:11
    |
246 |     Path((project_id, hardware_id)): Path<(String, String)>
    |           ^^^^^^^^^^ help: if this is intentional, prefix it with an underscore: `_project_id`
    |
    = note: `#[warn(unused_variables)]` on by default

warning: unused variable: `project_id`
   --> backend/src/api.rs:260:11
    |
260 |     Path((project_id, hardware_id)): Path<(String, String)>,
    |           ^^^^^^^^^^ help: if this is intentional, prefix it with an underscore: `_project_id`

warning: variable does not need to be mutable
   --> backend/src/api.rs:264:9
    |
264 |     let mut hardware: Option<HardwareItem> = db.select(("hardware", &hardware_...
    |         ----^^^^^^^^
    |         |
    |         help: remove this `mut`

warning: unused variable: `project_id`
   --> backend/src/api.rs:298:11
    |
298 |     Path((project_id, hardware_id)): Path<(String, String)>
    |           ^^^^^^^^^^ help: if this is intentional, prefix it with an underscore: `_project_id`

warning: function `hardware_routes` is never used
  --> backend/src/api.rs:58:4
   |
58 | fn hardware_routes() -> Router<AppState> {
   |    ^^^^^^^^^^^^^^^
   |
   = note: `#[warn(dead_code)]` on by default

warning: `backend` (bin "backend") generated 7 warnings (run `cargo fix --bin "backend"` to apply 3 suggestions)
    Finished `dev` profile [unoptimized + debuginfo] target(s) in 0.14s
     Running `target/debug/backend`
✅ Database schema initialized with sample data
🚀 InfraAID backend listening on 127.0.0.1:3000
📊 Database initialized and ready
